<?xml version="1.0" encoding="UTF-8"?>
<!-- Generated by org.testng.reporters.JUnitReportReporter -->
<testsuite hostname="LAPTOP-R5SC2BLC" failures="0" tests="4" name="api.testcases.UserTest" time="16.049" errors="0" timestamp="2024-06-25T20:37:15 IST" skipped="0">
  <testcase classname="api.testcases.UserTest" name="testCreateUser" time="4.477"/>
  <testcase classname="api.testcases.UserTest" name="testGetUser" time="2.358"/>
  <testcase classname="api.testcases.UserTest" name="testUpdateUser" time="6.658"/>
  <testcase classname="api.testcases.UserTest" name="testdeleteUser" time="2.556"/>
</testsuite> <!-- api.testcases.UserTest -->
