<?xml version="1.0" encoding="UTF-8"?>
<!-- Generated by org.testng.reporters.JUnitReportReporter -->
<testsuite hostname="LAPTOP-R5SC2BLC" failures="0" tests="4" name="api.testcases.UserTestCase2" time="14.179" errors="0" timestamp="2024-06-29T21:27:16 IST" skipped="0">
  <testcase classname="api.testcases.UserTestCase2" name="testCreateUser" time="4.051"/>
  <testcase classname="api.testcases.UserTestCase2" name="testGetUser" time="2.781"/>
  <testcase classname="api.testcases.UserTestCase2" name="testUpdateUser" time="5.115"/>
  <testcase classname="api.testcases.UserTestCase2" name="testdeleteUser" time="2.232"/>
</testsuite> <!-- api.testcases.UserTestCase2 -->
