<?xml version="1.0" encoding="UTF-8"?>
<!-- Generated by org.testng.reporters.JUnitReportReporter -->
<testsuite hostname="LAPTOP-R5SC2BLC" failures="0" tests="4" name="api.testcases.UserTestCase" time="11.125" errors="0" timestamp="2024-06-29T20:44:21 IST" skipped="0">
  <testcase classname="api.testcases.UserTestCase" name="testCreateUser" time="3.571"/>
  <testcase classname="api.testcases.UserTestCase" name="testGetUser" time="2.634"/>
  <testcase classname="api.testcases.UserTestCase" name="testUpdateUser" time="3.080"/>
  <testcase classname="api.testcases.UserTestCase" name="testdeleteUser" time="1.840"/>
</testsuite> <!-- api.testcases.UserTestCase -->
